<?xml version="1.0" encoding="UTF-8"?>
<!-- Generated by org.testng.reporters.JUnitReportReporter -->
<testsuite skipped="2" hostname="Saran" name="com.sra.qa.Testcases.Transactionlisttest" tests="4" failures="0" timestamp="2021-06-12T17:36:41 IST" time="21.226" errors="0">
  <testcase name="login" time="11.226" classname="com.sra.qa.Testcases.Transactionlisttest"/>
  <system-out/>
  <testcase name="selectadmin" time="10.000" classname="com.sra.qa.Testcases.Transactionlisttest"/>
  <system-out/>
  <testcase name="invoiceupload" time="0.000" classname="com.sra.qa.Testcases.Transactionlisttest">
    <skipped/>
  </testcase> <!-- invoiceupload -->
  <system-out/>
  <testcase name="transactionlisttest" time="0.000" classname="com.sra.qa.Testcases.Transactionlisttest">
    <skipped/>
  </testcase> <!-- transactionlisttest -->
  <system-out/>
</testsuite> <!-- com.sra.qa.Testcases.Transactionlisttest -->
