<?xml version="1.0" encoding="UTF-8"?>
<!-- Generated by org.testng.reporters.JUnitReportReporter -->
<testsuite skipped="0" hostname="Saran" name="com.sra.qa.Testcases.Ocrfileuploads" tests="4" failures="0" timestamp="2021-07-12T18:30:37 IST" time="125.393" errors="0">
  <testcase name="login" time="15.509" classname="com.sra.qa.Testcases.Ocrfileuploads"/>
  <system-out/>
  <testcase name="selectcompany" time="0.111" classname="com.sra.qa.Testcases.Ocrfileuploads"/>
  <system-out/>
  <testcase name="invoiceupload" time="85.431" classname="com.sra.qa.Testcases.Ocrfileuploads"/>
  <system-out/>
  <testcase name="questionraising" time="24.342" classname="com.sra.qa.Testcases.Ocrfileuploads"/>
  <system-out/>
</testsuite> <!-- com.sra.qa.Testcases.Ocrfileuploads -->
