<?xml version="1.0" encoding="UTF-8"?>
<!-- Generated by org.testng.reporters.JUnitReportReporter -->
<testsuite skipped="0" hostname="Saran" name="com.sra.qa.Testcases.OCRfieldchecking" tests="4" failures="0" timestamp="2021-07-12T18:30:37 IST" time="108.508" errors="0">
  <testcase name="login" time="15.974" classname="com.sra.qa.Testcases.OCRfieldchecking"/>
  <system-out/>
  <testcase name="selectadmin" time="0.057" classname="com.sra.qa.Testcases.OCRfieldchecking"/>
  <system-out/>
  <testcase name="invoiceupload" time="78.374" classname="com.sra.qa.Testcases.OCRfieldchecking"/>
  <system-out/>
  <testcase name="nextinvoice" time="14.103" classname="com.sra.qa.Testcases.OCRfieldchecking"/>
  <system-out/>
</testsuite> <!-- com.sra.qa.Testcases.OCRfieldchecking -->
